2021-08-26 09:37:34,333 [INFO] Activator:177 - 


2021-08-26 09:37:34,335 [INFO] Activator:178 - !SESSION log4j initialized
2021-08-26 09:38:15,963 [INFO] RetryExec:97 - I/O exception (org.apache.http.NoHttpResponseException) caught when processing request to {s}->https://sw-center.st.com:443: The target server failed to respond
2021-08-26 09:38:15,966 [INFO] RetryExec:113 - Retrying request to {s}->https://sw-center.st.com:443
2021-08-26 09:43:53,813 [INFO] McuFinderGlobals:39 - Set McuFinder mode to 2 (CubeIDE integrated)
2021-08-26 09:43:53,999 [INFO] ApplicationProperties:181 - Using Application install path: D:\STM32CubeIDE_1.7.0\STM32CubeIDE\plugins\com.st.stm32cube.common.mx_6.3.0.202107141111
2021-08-26 09:43:54,012 [INFO] DbMcusXml:74 - Set database path to: D:\STM32CubeIDE_1.7.0\STM32CubeIDE\plugins\com.st.stm32cube.common.mx_6.3.0.202107141111\\db\/mcu/
2021-08-26 09:43:54,017 [INFO] DbBoardsPdsc:56 - Set plugin database path to: D:\STM32CubeIDE_1.7.0\STM32CubeIDE\plugins\com.st.stm32cube.common.mx_6.3.0.202107141111\\db\/plugins/boardmanager/
2021-08-26 09:43:54,017 [INFO] DbMcus:258 - Set plugin images path to: D:\STM32CubeIDE_1.7.0\STM32CubeIDE\plugins\com.st.stm32cube.common.mx_6.3.0.202107141111\\db\/plugins/mcufinder/images/
2021-08-26 09:43:54,018 [INFO] DbBoards:264 - Set plugin images path to: D:\STM32CubeIDE_1.7.0\STM32CubeIDE\plugins\com.st.stm32cube.common.mx_6.3.0.202107141111\\db\/plugins/mcufinder/images/
2021-08-26 09:43:54,021 [INFO] DbExamples:333 - Set plugin images path to: D:\STM32CubeIDE_1.7.0\STM32CubeIDE\plugins\com.st.stm32cube.common.mx_6.3.0.202107141111\\db\/plugins/mcufinder/images/
2021-08-26 09:43:56,212 [ERROR] ApiFinderProperties:213 - Failed to read file additional_hw_images/X-NUCLEO-S2915A1.jpg: C:\Users\diego\.stmcufinder\plugins\mcufinder\mcu\additional_hw_images\X-NUCLEO-S2915A1.jpg (The system cannot find the path specified)
2021-08-26 09:43:56,217 [ERROR] ApiFinderProperties:213 - Failed to read file additional_hw_images/X-NUCLEO-S2868A2.jpg: C:\Users\diego\.stmcufinder\plugins\mcufinder\mcu\additional_hw_images\X-NUCLEO-S2868A2.jpg (The system cannot find the path specified)
2021-08-26 09:43:56,222 [ERROR] ApiFinderProperties:213 - Failed to read file additional_hw_images/X-NUCLEO-S2868A1.jpg: C:\Users\diego\.stmcufinder\plugins\mcufinder\mcu\additional_hw_images\X-NUCLEO-S2868A1.jpg (The system cannot find the path specified)
2021-08-26 09:43:56,227 [ERROR] ApiFinderProperties:213 - Failed to read file additional_hw_images/X-NUCLEO-NFC04A1.jpg: C:\Users\diego\.stmcufinder\plugins\mcufinder\mcu\additional_hw_images\X-NUCLEO-NFC04A1.jpg (The system cannot find the path specified)
2021-08-26 09:43:56,231 [ERROR] ApiFinderProperties:213 - Failed to read file additional_hw_images/X-NUCLEO-IDB05A2.jpg: C:\Users\diego\.stmcufinder\plugins\mcufinder\mcu\additional_hw_images\X-NUCLEO-IDB05A2.jpg (The system cannot find the path specified)
2021-08-26 09:43:56,234 [ERROR] ApiFinderProperties:213 - Failed to read file additional_hw_images/X-NUCLEO-EEPRMA2.jpg: C:\Users\diego\.stmcufinder\plugins\mcufinder\mcu\additional_hw_images\X-NUCLEO-EEPRMA2.jpg (The system cannot find the path specified)
2021-08-26 09:43:56,238 [ERROR] ApiFinderProperties:213 - Failed to read file additional_hw_images/X-NUCLEO-EEPRMA1.jpg: C:\Users\diego\.stmcufinder\plugins\mcufinder\mcu\additional_hw_images\X-NUCLEO-EEPRMA1.jpg (The system cannot find the path specified)
2021-08-26 09:43:56,242 [ERROR] ApiFinderProperties:213 - Failed to read file additional_hw_images/X-NUCLEO-6283A1.jpg: C:\Users\diego\.stmcufinder\plugins\mcufinder\mcu\additional_hw_images\X-NUCLEO-6283A1.jpg (The system cannot find the path specified)
2021-08-26 09:43:56,245 [ERROR] ApiFinderProperties:213 - Failed to read file additional_hw_images/VD6283TX.jpg: C:\Users\diego\.stmcufinder\plugins\mcufinder\mcu\additional_hw_images\VD6283TX.jpg (The system cannot find the path specified)
2021-08-26 09:43:56,248 [ERROR] ApiFinderProperties:213 - Failed to read file additional_hw_images/ST25DV04K.jpg: C:\Users\diego\.stmcufinder\plugins\mcufinder\mcu\additional_hw_images\ST25DV04K.jpg (The system cannot find the path specified)
2021-08-26 09:43:56,250 [ERROR] ApiFinderProperties:213 - Failed to read file additional_hw_images/S2-LP.jpg: C:\Users\diego\.stmcufinder\plugins\mcufinder\mcu\additional_hw_images\S2-LP.jpg (The system cannot find the path specified)
2021-08-26 09:43:56,252 [ERROR] ApiFinderProperties:213 - Failed to read file additional_hw_images/M95M04-DR.jpg: C:\Users\diego\.stmcufinder\plugins\mcufinder\mcu\additional_hw_images\M95M04-DR.jpg (The system cannot find the path specified)
2021-08-26 09:43:56,253 [ERROR] ApiFinderProperties:213 - Failed to read file additional_hw_images/M95M01-DF.jpg: C:\Users\diego\.stmcufinder\plugins\mcufinder\mcu\additional_hw_images\M95M01-DF.jpg (The system cannot find the path specified)
2021-08-26 09:43:56,255 [ERROR] ApiFinderProperties:213 - Failed to read file additional_hw_images/M95256-DF.jpg: C:\Users\diego\.stmcufinder\plugins\mcufinder\mcu\additional_hw_images\M95256-DF.jpg (The system cannot find the path specified)
2021-08-26 09:43:56,256 [ERROR] ApiFinderProperties:213 - Failed to read file additional_hw_images/M95040-R.jpg: C:\Users\diego\.stmcufinder\plugins\mcufinder\mcu\additional_hw_images\M95040-R.jpg (The system cannot find the path specified)
2021-08-26 09:43:56,258 [ERROR] ApiFinderProperties:213 - Failed to read file additional_hw_images/M24M01-DF.jpg: C:\Users\diego\.stmcufinder\plugins\mcufinder\mcu\additional_hw_images\M24M01-DF.jpg (The system cannot find the path specified)
2021-08-26 09:43:56,259 [ERROR] ApiFinderProperties:213 - Failed to read file additional_hw_images/M24C02-F.jpg: C:\Users\diego\.stmcufinder\plugins\mcufinder\mcu\additional_hw_images\M24C02-F.jpg (The system cannot find the path specified)
2021-08-26 09:43:56,260 [ERROR] ApiFinderProperties:213 - Failed to read file additional_hw_images/M24256-DF.jpg: C:\Users\diego\.stmcufinder\plugins\mcufinder\mcu\additional_hw_images\M24256-DF.jpg (The system cannot find the path specified)
2021-08-26 09:43:56,261 [ERROR] ApiFinderProperties:213 - Failed to read file additional_hw_images/BlueNRG-M0.jpg: C:\Users\diego\.stmcufinder\plugins\mcufinder\mcu\additional_hw_images\BlueNRG-M0.jpg (The system cannot find the path specified)
2021-08-26 09:43:56,368 [WARN] ApiFinderProperties:104 - C:\Users\diego\.stmcufinder\plugins\mcufinder\mcu\mcuFinder.mfd doesn't exist
2021-08-26 09:43:56,372 [INFO] DbMcusAds:119 - Set database path to: C:\Users\diego\.stmcufinder\plugins\mcufinder//mcu/
2021-08-26 09:43:56,373 [INFO] DbMcusDocs:110 - Set database path to: C:\Users\diego\.stmcufinder\plugins\mcufinder//mcu/
2021-08-26 09:43:56,376 [INFO] DbMcusJson:64 - Set database path to: C:\Users\diego\.stmcufinder\plugins\mcufinder//mcu/
2021-08-26 09:43:56,376 [INFO] DbBoardsDocs:110 - Set database path to: C:\Users\diego\.stmcufinder\plugins\mcufinder//mcu/
2021-08-26 09:43:56,378 [INFO] DbBoardsJson:57 - Set database path to: C:\Users\diego\.stmcufinder\plugins\mcufinder//mcu/
2021-08-26 09:43:56,386 [INFO] CrossReferenceDbSqlite:196 - Set database path to: C:\Users\diego\.stmcufinder\plugins\mcufinder//mcu/cs/
2021-08-26 09:43:56,390 [INFO] DbExamplesSqlite:767 - Set database path to: C:\Users\diego\.stmcufinder\plugins\mcufinder//mcu/
2021-08-26 09:43:56,517 [INFO] RulesReader:57 - Compatibility file has been processed (242 Rules)
2021-08-26 09:43:56,618 [INFO] DbMcusXml:74 - Set database path to: D:\STM32CubeIDE_1.7.0\STM32CubeIDE\plugins\com.st.stm32cube.common.mx_6.3.0.202107141111\\db\/mcu/
2021-08-26 09:43:56,618 [INFO] DbBoardsPdsc:56 - Set plugin database path to: D:\STM32CubeIDE_1.7.0\STM32CubeIDE\plugins\com.st.stm32cube.common.mx_6.3.0.202107141111\\db\/plugins/boardmanager/
2021-08-26 09:43:56,618 [INFO] DbMcus:258 - Set plugin images path to: D:\STM32CubeIDE_1.7.0\STM32CubeIDE\plugins\com.st.stm32cube.common.mx_6.3.0.202107141111\\db\/plugins/mcufinder/images/
2021-08-26 09:43:56,618 [INFO] DbBoards:264 - Set plugin images path to: D:\STM32CubeIDE_1.7.0\STM32CubeIDE\plugins\com.st.stm32cube.common.mx_6.3.0.202107141111\\db\/plugins/mcufinder/images/
2021-08-26 09:43:56,619 [INFO] DbExamples:333 - Set plugin images path to: D:\STM32CubeIDE_1.7.0\STM32CubeIDE\plugins\com.st.stm32cube.common.mx_6.3.0.202107141111\\db\/plugins/mcufinder/images/
2021-08-26 09:43:56,619 [WARN] DbFile:35 - Overriding database path with different value: C:\Users\diego\.stmcufinder\plugins\mcufinder/ => C:\Users\diego\.stmcufinder\plugins\mcufinder
2021-08-26 09:43:56,619 [INFO] DbMcusAds:119 - Set database path to: C:\Users\diego\.stmcufinder\plugins\mcufinder//mcu/
2021-08-26 09:43:56,619 [WARN] DbFile:35 - Overriding database path with different value: C:\Users\diego\.stmcufinder\plugins\mcufinder/ => C:\Users\diego\.stmcufinder\plugins\mcufinder
2021-08-26 09:43:56,619 [INFO] DbMcusDocs:110 - Set database path to: C:\Users\diego\.stmcufinder\plugins\mcufinder//mcu/
2021-08-26 09:43:56,619 [WARN] DbFile:35 - Overriding database path with different value: C:\Users\diego\.stmcufinder\plugins\mcufinder/ => C:\Users\diego\.stmcufinder\plugins\mcufinder
2021-08-26 09:43:56,619 [INFO] DbMcusJson:64 - Set database path to: C:\Users\diego\.stmcufinder\plugins\mcufinder//mcu/
2021-08-26 09:43:56,620 [WARN] DbFile:35 - Overriding database path with different value: C:\Users\diego\.stmcufinder\plugins\mcufinder/ => C:\Users\diego\.stmcufinder\plugins\mcufinder
2021-08-26 09:43:56,620 [INFO] DbBoardsDocs:110 - Set database path to: C:\Users\diego\.stmcufinder\plugins\mcufinder//mcu/
2021-08-26 09:43:56,620 [WARN] DbFile:35 - Overriding database path with different value: C:\Users\diego\.stmcufinder\plugins\mcufinder/ => C:\Users\diego\.stmcufinder\plugins\mcufinder
2021-08-26 09:43:56,620 [INFO] DbBoardsJson:57 - Set database path to: C:\Users\diego\.stmcufinder\plugins\mcufinder//mcu/
2021-08-26 09:43:56,620 [WARN] DbFile:35 - Overriding database path with different value: C:\Users\diego\.stmcufinder\plugins\mcufinder/ => C:\Users\diego\.stmcufinder\plugins\mcufinder
2021-08-26 09:43:56,621 [WARN] DbFile:35 - Overriding database path with different value: C:\Users\diego\.stmcufinder\plugins\mcufinder/ => C:\Users\diego\.stmcufinder\plugins\mcufinder
2021-08-26 09:43:56,621 [INFO] CrossReferenceDbSqlite:196 - Set database path to: C:\Users\diego\.stmcufinder\plugins\mcufinder//mcu/cs/
2021-08-26 09:43:56,621 [WARN] DbFile:35 - Overriding database path with different value: C:\Users\diego\.stmcufinder\plugins\mcufinder/ => C:\Users\diego\.stmcufinder\plugins\mcufinder
2021-08-26 09:43:56,621 [INFO] DbExamplesSqlite:767 - Set database path to: C:\Users\diego\.stmcufinder\plugins\mcufinder//mcu/
2021-08-26 09:43:56,696 [INFO] MainPanel:214 - HeapMemory: 378535936
2021-08-26 09:43:56,776 [INFO] DbMcusXml:74 - Set database path to: D:\STM32CubeIDE_1.7.0\STM32CubeIDE\plugins\com.st.stm32cube.common.mx_6.3.0.202107141111\\db\/mcu/
2021-08-26 09:43:56,777 [INFO] DbBoardsPdsc:56 - Set plugin database path to: D:\STM32CubeIDE_1.7.0\STM32CubeIDE\plugins\com.st.stm32cube.common.mx_6.3.0.202107141111\\db\/plugins/boardmanager/
2021-08-26 09:43:56,777 [INFO] DbMcus:258 - Set plugin images path to: D:\STM32CubeIDE_1.7.0\STM32CubeIDE\plugins\com.st.stm32cube.common.mx_6.3.0.202107141111\\db\/plugins/mcufinder/images/
2021-08-26 09:43:56,777 [INFO] DbBoards:264 - Set plugin images path to: D:\STM32CubeIDE_1.7.0\STM32CubeIDE\plugins\com.st.stm32cube.common.mx_6.3.0.202107141111\\db\/plugins/mcufinder/images/
2021-08-26 09:43:56,777 [INFO] DbExamples:333 - Set plugin images path to: D:\STM32CubeIDE_1.7.0\STM32CubeIDE\plugins\com.st.stm32cube.common.mx_6.3.0.202107141111\\db\/plugins/mcufinder/images/
2021-08-26 09:43:56,777 [WARN] DbFile:35 - Overriding database path with different value: C:\Users\diego\.stmcufinder\plugins\mcufinder/ => C:\Users\diego\.stmcufinder\plugins\mcufinder
2021-08-26 09:43:56,778 [INFO] DbMcusAds:119 - Set database path to: C:\Users\diego\.stmcufinder\plugins\mcufinder//mcu/
2021-08-26 09:43:56,778 [WARN] DbFile:35 - Overriding database path with different value: C:\Users\diego\.stmcufinder\plugins\mcufinder/ => C:\Users\diego\.stmcufinder\plugins\mcufinder
2021-08-26 09:43:56,778 [INFO] DbMcusDocs:110 - Set database path to: C:\Users\diego\.stmcufinder\plugins\mcufinder//mcu/
2021-08-26 09:43:56,778 [WARN] DbFile:35 - Overriding database path with different value: C:\Users\diego\.stmcufinder\plugins\mcufinder/ => C:\Users\diego\.stmcufinder\plugins\mcufinder
2021-08-26 09:43:56,778 [INFO] DbMcusJson:64 - Set database path to: C:\Users\diego\.stmcufinder\plugins\mcufinder//mcu/
2021-08-26 09:43:56,778 [WARN] DbFile:35 - Overriding database path with different value: C:\Users\diego\.stmcufinder\plugins\mcufinder/ => C:\Users\diego\.stmcufinder\plugins\mcufinder
2021-08-26 09:43:56,778 [INFO] DbBoardsDocs:110 - Set database path to: C:\Users\diego\.stmcufinder\plugins\mcufinder//mcu/
2021-08-26 09:43:56,779 [WARN] DbFile:35 - Overriding database path with different value: C:\Users\diego\.stmcufinder\plugins\mcufinder/ => C:\Users\diego\.stmcufinder\plugins\mcufinder
2021-08-26 09:43:56,779 [INFO] DbBoardsJson:57 - Set database path to: C:\Users\diego\.stmcufinder\plugins\mcufinder//mcu/
2021-08-26 09:43:56,779 [WARN] DbFile:35 - Overriding database path with different value: C:\Users\diego\.stmcufinder\plugins\mcufinder/ => C:\Users\diego\.stmcufinder\plugins\mcufinder
2021-08-26 09:43:56,779 [WARN] DbFile:35 - Overriding database path with different value: C:\Users\diego\.stmcufinder\plugins\mcufinder/ => C:\Users\diego\.stmcufinder\plugins\mcufinder
2021-08-26 09:43:56,779 [INFO] CrossReferenceDbSqlite:196 - Set database path to: C:\Users\diego\.stmcufinder\plugins\mcufinder//mcu/cs/
2021-08-26 09:43:56,779 [WARN] DbFile:35 - Overriding database path with different value: C:\Users\diego\.stmcufinder\plugins\mcufinder/ => C:\Users\diego\.stmcufinder\plugins\mcufinder
2021-08-26 09:43:56,779 [INFO] DbExamplesSqlite:767 - Set database path to: C:\Users\diego\.stmcufinder\plugins\mcufinder//mcu/
2021-08-26 09:43:56,805 [INFO] ApplicationProperties:181 - Using Application install path: D:\STM32CubeIDE_1.7.0\STM32CubeIDE\plugins\com.st.stm32cube.common.mx_6.3.0.202107141111
2021-08-26 09:43:56,807 [INFO] PluginManage:188 - Search for loadable plugins [exclusion list=, ]
2021-08-26 09:43:56,808 [INFO] PluginManage:302 - Check plugin analytics
2021-08-26 09:44:01,530 [INFO] AnalyticsPlugin:257 - Accepted Software Licenses: 
2021-08-26 09:44:01,530 [INFO] AnalyticsPlugin:259 - Accepted CMSIS Pack Licenses: 
2021-08-26 09:44:01,531 [INFO] AnalyticsPlugin:261 - Accepted Firmware Licenses: 
2021-08-26 09:44:01,532 [INFO] PluginManage:352 - Loaded plugin analytics (category:tool,tabindex:-1)
2021-08-26 09:44:01,533 [INFO] PluginManage:302 - Check plugin clock
2021-08-26 09:44:01,546 [INFO] PluginManage:352 - Loaded plugin clock (category:base,tabindex:2)
2021-08-26 09:44:01,546 [INFO] PluginManage:302 - Check plugin ddr
2021-08-26 09:44:01,549 [INFO] PluginManage:352 - Loaded plugin ddr (category:tool,tabindex:6)
2021-08-26 09:44:01,549 [INFO] PluginManage:302 - Check plugin filemanager
2021-08-26 09:44:01,725 [INFO] PluginManage:352 - Loaded plugin filemanager (category:base,tabindex:10)
2021-08-26 09:44:01,725 [INFO] PluginManage:302 - Check plugin ipmanager
2021-08-26 09:44:01,739 [INFO] PluginManage:352 - Loaded plugin ipmanager (category:base,tabindex:5)
2021-08-26 09:44:01,739 [INFO] PluginManage:302 - Check plugin pinoutandconfiguration
2021-08-26 09:44:01,749 [INFO] PluginManage:352 - Loaded plugin pinoutandconfiguration (category:base,tabindex:1)
2021-08-26 09:44:01,749 [INFO] PluginManage:302 - Check plugin pinoutconfig
2021-08-26 09:44:01,782 [INFO] PluginManage:352 - Loaded plugin pinoutconfig (category:base,tabindex:0)
2021-08-26 09:44:01,783 [INFO] PluginManage:302 - Check plugin power
2021-08-26 09:44:01,793 [INFO] PluginManage:352 - Loaded plugin power (category:power,tabindex:4)
2021-08-26 09:44:01,793 [INFO] PluginManage:302 - Check plugin projectmanager
2021-08-26 09:44:01,812 [INFO] PluginManage:352 - Loaded plugin projectmanager (category:projectmanager,tabindex:3)
2021-08-26 09:44:01,812 [INFO] PluginManage:302 - Check plugin thirdparty
2021-08-26 09:44:01,942 [WARN] IntegrityCheckThread:78 - waiting for thirdparty lock release [integrity check]
2021-08-26 09:44:01,942 [INFO] PluginManage:352 - Loaded plugin thirdparty (category:base,tabindex:-1)
2021-08-26 09:44:01,943 [INFO] PluginManage:302 - Check plugin tools
2021-08-26 09:44:01,943 [INFO] IntegrityCheckThread:80 - entering critical section [integrity check]
2021-08-26 09:44:01,943 [INFO] ThirdPartyUpdaterWithRetryManager:66 - Updater plugin not ready yet. [1/15]
2021-08-26 09:44:01,945 [INFO] PluginManage:352 - Loaded plugin tools (category:base,tabindex:7)
2021-08-26 09:44:01,945 [INFO] PluginManage:302 - Check plugin tutovideos
2021-08-26 09:44:02,192 [INFO] PluginManage:352 - Loaded plugin tutovideos (category:base,tabindex:-1)
2021-08-26 09:44:02,192 [INFO] PluginManage:302 - Check plugin updater
2021-08-26 09:44:02,205 [INFO] PluginManage:352 - Loaded plugin updater (category:base,tabindex:12)
2021-08-26 09:44:02,205 [INFO] PluginManage:275 - PluginManage : Loaded plugins [13]
2021-08-26 09:44:02,420 [INFO] PinOutPanel:1463 - setPackage(No Configuration,No Configuration)
2021-08-26 09:44:02,525 [INFO] IPUIPlugin:74 - create IPUIPlugin
2021-08-26 09:44:02,525 [INFO] PluginManager:213 - loadIPPluginJar : add adc
2021-08-26 09:44:02,527 [INFO] IPUIPlugin:74 - create IPUIPlugin
2021-08-26 09:44:02,528 [INFO] PluginManager:213 - loadIPPluginJar : add aes
2021-08-26 09:44:02,530 [INFO] IPUIPlugin:74 - create IPUIPlugin
2021-08-26 09:44:02,530 [INFO] PluginManager:213 - loadIPPluginJar : add can
2021-08-26 09:44:02,532 [INFO] IPUIPlugin:74 - create IPUIPlugin
2021-08-26 09:44:02,532 [INFO] PluginManager:213 - loadIPPluginJar : add comp
2021-08-26 09:44:02,535 [INFO] IPUIPlugin:74 - create IPUIPlugin
2021-08-26 09:44:02,535 [INFO] PluginManager:213 - loadIPPluginJar : add cryp
2021-08-26 09:44:02,537 [INFO] IPUIPlugin:74 - create IPUIPlugin
2021-08-26 09:44:02,537 [INFO] PluginManager:213 - loadIPPluginJar : add dfsdm
2021-08-26 09:44:02,543 [INFO] IPUIPlugin:74 - create IPUIPlugin
2021-08-26 09:44:02,544 [INFO] PluginManager:213 - loadIPPluginJar : add dma
2021-08-26 09:44:02,546 [INFO] IPUIPlugin:74 - create IPUIPlugin
2021-08-26 09:44:02,547 [INFO] PluginManager:213 - loadIPPluginJar : add dma3
2021-08-26 09:44:02,548 [INFO] IPUIPlugin:74 - create IPUIPlugin
2021-08-26 09:44:02,548 [INFO] PluginManager:213 - loadIPPluginJar : add fatfs
2021-08-26 09:44:02,553 [INFO] IPUIPlugin:74 - create IPUIPlugin
2021-08-26 09:44:02,553 [INFO] PluginManager:213 - loadIPPluginJar : add fmc
2021-08-26 09:44:02,559 [INFO] IPUIPlugin:74 - create IPUIPlugin
2021-08-26 09:44:02,559 [INFO] PluginManager:213 - loadIPPluginJar : add freertos
2021-08-26 09:44:02,561 [INFO] IPUIPlugin:74 - create IPUIPlugin
2021-08-26 09:44:02,561 [INFO] PluginManager:213 - loadIPPluginJar : add genericplugin
2021-08-26 09:44:02,563 [INFO] IPUIPlugin:74 - create IPUIPlugin
2021-08-26 09:44:02,563 [INFO] PluginManager:213 - loadIPPluginJar : add gfxmmu
2021-08-26 09:44:02,569 [INFO] IPUIPlugin:74 - create IPUIPlugin
2021-08-26 09:44:02,569 [INFO] PluginManager:213 - loadIPPluginJar : add gic
2021-08-26 09:44:02,573 [INFO] IPUIPlugin:74 - create IPUIPlugin
2021-08-26 09:44:02,574 [INFO] PluginManager:213 - loadIPPluginJar : add gpio
2021-08-26 09:44:02,576 [INFO] IPUIPlugin:74 - create IPUIPlugin
2021-08-26 09:44:02,576 [INFO] PluginManager:213 - loadIPPluginJar : add gtzc
2021-08-26 09:44:02,578 [INFO] IPUIPlugin:74 - create IPUIPlugin
2021-08-26 09:44:02,579 [INFO] PluginManager:213 - loadIPPluginJar : add hash
2021-08-26 09:44:02,581 [INFO] IPUIPlugin:74 - create IPUIPlugin
2021-08-26 09:44:02,582 [INFO] PluginManager:213 - loadIPPluginJar : add i2c
2021-08-26 09:44:02,584 [INFO] IPUIPlugin:74 - create IPUIPlugin
2021-08-26 09:44:02,584 [INFO] PluginManager:213 - loadIPPluginJar : add i2s
2021-08-26 09:44:02,587 [INFO] IPUIPlugin:74 - create IPUIPlugin
2021-08-26 09:44:02,587 [INFO] PluginManager:213 - loadIPPluginJar : add ipddr
2021-08-26 09:44:02,595 [INFO] IPUIPlugin:74 - create IPUIPlugin
2021-08-26 09:44:02,595 [INFO] PluginManager:213 - loadIPPluginJar : add linkedlist
2021-08-26 09:44:02,598 [INFO] IPUIPlugin:74 - create IPUIPlugin
2021-08-26 09:44:02,604 [INFO] PluginManager:213 - loadIPPluginJar : add lorawan
2021-08-26 09:44:02,609 [INFO] IPUIPlugin:74 - create IPUIPlugin
2021-08-26 09:44:02,609 [INFO] PluginManager:213 - loadIPPluginJar : add ltdc
2021-08-26 09:44:02,613 [INFO] IPUIPlugin:74 - create IPUIPlugin
2021-08-26 09:44:02,613 [INFO] PluginManager:213 - loadIPPluginJar : add mdma
2021-08-26 09:44:02,617 [INFO] IPUIPlugin:74 - create IPUIPlugin
2021-08-26 09:44:02,617 [INFO] PluginManager:213 - loadIPPluginJar : add nvic
2021-08-26 09:44:02,620 [INFO] IPUIPlugin:74 - create IPUIPlugin
2021-08-26 09:44:02,620 [INFO] PluginManager:213 - loadIPPluginJar : add opamp
2021-08-26 09:44:02,622 [INFO] IPUIPlugin:74 - create IPUIPlugin
2021-08-26 09:44:02,623 [INFO] PluginManager:213 - loadIPPluginJar : add openamp
2021-08-26 09:44:02,626 [INFO] IPUIPlugin:74 - create IPUIPlugin
2021-08-26 09:44:02,626 [INFO] PluginManager:213 - loadIPPluginJar : add pdm2pcm
2021-08-26 09:44:02,633 [INFO] IPUIPlugin:74 - create IPUIPlugin
2021-08-26 09:44:02,637 [INFO] PluginManager:213 - loadIPPluginJar : add plateformsettings
2021-08-26 09:44:02,639 [INFO] IPUIPlugin:74 - create IPUIPlugin
2021-08-26 09:44:02,639 [INFO] PluginManager:213 - loadIPPluginJar : add quadspi
2021-08-26 09:44:02,642 [INFO] IPUIPlugin:74 - create IPUIPlugin
2021-08-26 09:44:02,642 [INFO] PluginManager:213 - loadIPPluginJar : add resmgrutility
2021-08-26 09:44:02,645 [INFO] IPUIPlugin:74 - create IPUIPlugin
2021-08-26 09:44:02,645 [INFO] PluginManager:213 - loadIPPluginJar : add sai
2021-08-26 09:44:02,648 [INFO] IPUIPlugin:74 - create IPUIPlugin
2021-08-26 09:44:02,648 [INFO] PluginManager:213 - loadIPPluginJar : add spi
2021-08-26 09:44:02,653 [INFO] IPUIPlugin:74 - create IPUIPlugin
2021-08-26 09:44:02,653 [INFO] PluginManager:213 - loadIPPluginJar : add stm32_wpan
2021-08-26 09:44:02,655 [INFO] IPUIPlugin:74 - create IPUIPlugin
2021-08-26 09:44:02,655 [INFO] PluginManager:213 - loadIPPluginJar : add tim
2021-08-26 09:44:02,658 [INFO] IPUIPlugin:74 - create IPUIPlugin
2021-08-26 09:44:02,658 [INFO] PluginManager:213 - loadIPPluginJar : add touchsensing
2021-08-26 09:44:02,660 [INFO] IPUIPlugin:74 - create IPUIPlugin
2021-08-26 09:44:02,660 [INFO] PluginManager:213 - loadIPPluginJar : add tracer_emb
2021-08-26 09:44:02,662 [INFO] IPUIPlugin:74 - create IPUIPlugin
2021-08-26 09:44:02,662 [INFO] PluginManager:213 - loadIPPluginJar : add ts
2021-08-26 09:44:02,664 [INFO] IPUIPlugin:74 - create IPUIPlugin
2021-08-26 09:44:02,664 [INFO] PluginManager:213 - loadIPPluginJar : add tsc
2021-08-26 09:44:02,665 [INFO] IPUIPlugin:74 - create IPUIPlugin
2021-08-26 09:44:02,666 [INFO] PluginManager:213 - loadIPPluginJar : add ucpd
2021-08-26 09:44:02,668 [INFO] IPUIPlugin:74 - create IPUIPlugin
2021-08-26 09:44:02,669 [INFO] PluginManager:213 - loadIPPluginJar : add usart
2021-08-26 09:44:02,671 [INFO] IPUIPlugin:74 - create IPUIPlugin
2021-08-26 09:44:02,671 [INFO] PluginManager:213 - loadIPPluginJar : add usbx
2021-08-26 09:44:03,046 [FATAL] Updater:294 - Updater called before beeing initialized
2021-08-26 09:44:03,215 [FATAL] Updater:294 - Updater called before beeing initialized
2021-08-26 09:44:03,221 [INFO] DbMcusAds:47 - JSON generation date=Tue May 11 10:32:49 CDT 2021 (1620747169502)
2021-08-26 09:44:03,221 [FATAL] Updater:294 - Updater called before beeing initialized
2021-08-26 09:44:03,286 [WARN] DetailPanel:314 - Failed to get advertising image, set to default
2021-08-26 09:44:03,453 [FATAL] Updater:294 - Updater called before beeing initialized
2021-08-26 09:44:03,455 [FATAL] Updater:294 - Updater called before beeing initialized
2021-08-26 09:44:03,455 [FATAL] Updater:294 - Updater called before beeing initialized
2021-08-26 09:44:03,455 [WARN] DetailPanel:314 - Failed to get advertising image, set to default
2021-08-26 09:44:03,457 [FATAL] Updater:294 - Updater called before beeing initialized
2021-08-26 09:44:03,535 [ERROR] Updater:1075 - MainUpdater not yet initialized. External WinMGr cannot be set.
2021-08-26 09:44:03,537 [INFO] Updater:1012 - Updater Version found : 6.3.0
2021-08-26 09:44:03,558 [INFO] ApplicationProperties:181 - Using Application install path: D:\STM32CubeIDE_1.7.0\STM32CubeIDE\plugins\com.st.stm32cube.common.mx_6.3.0.202107141111
2021-08-26 09:44:03,594 [INFO] MainUpdater:489 - Copy updater definitions from MX database
2021-08-26 09:44:03,619 [INFO] MainUpdater:522 - Copy flag file definitions from MX database
2021-08-26 09:44:03,621 [INFO] MainUpdater:538 - Copy thirdparty index definitions from MX database
2021-08-26 09:44:03,623 [INFO] MainUpdater:557 - Copy default thirdparty db definitions from MX database
2021-08-26 09:44:03,852 [INFO] MainUpdater:2671 - connection check result : 10
2021-08-26 09:44:03,853 [INFO] MainUpdater:3359 - Updater definition file requires update
2021-08-26 09:44:03,859 [INFO] MainUpdater:265 - Updater Check For Update Now.
2021-08-26 09:44:03,859 [INFO] MicroXplorer:478 - Change Database Version : DB.6.0.30
2021-08-26 09:44:04,069 [INFO] ServerAccessManage:362 - Download File updaters.zip
2021-08-26 09:44:04,249 [INFO] FileExtend:235 - Unzip File : updaters.zip
2021-08-26 09:44:04,250 [INFO] FileExtend:250 - Standard Zip Deflate
2021-08-26 09:44:04,947 [WARN] MainUpdater:1122 - Updater busy. Cannot search thirdparties
2021-08-26 09:44:04,947 [INFO] ThirdPartyUpdaterWithRetryManager:92 - Updater plugin is busy. [1/15]
2021-08-26 09:44:04,976 [INFO] ServerAccessManage:362 - Download File PacksControlFlags.xml
2021-08-26 09:44:05,314 [INFO] ServerAccessManage:362 - Download File cubemx.pidx
2021-08-26 09:44:05,481 [INFO] ServerAccessManage:362 - Download File STMicroelectronics.X-CUBE-AI.pdsc
2021-08-26 09:44:06,393 [INFO] ServerAccessManage:362 - Download File STMicroelectronics.X-CUBE-ALS.pdsc
2021-08-26 09:44:06,654 [INFO] ServerAccessManage:362 - Download File STMicroelectronics.X-CUBE-BLE1.pdsc
2021-08-26 09:44:07,954 [WARN] MainUpdater:1122 - Updater busy. Cannot search thirdparties
2021-08-26 09:44:07,954 [INFO] ThirdPartyUpdaterWithRetryManager:92 - Updater plugin is busy. [2/15]
2021-08-26 09:44:08,301 [ERROR] ServerAccessManage:974 - Problem, file not found on Server
2021-08-26 09:44:08,359 [INFO] ServerAccessManage:362 - Download File STMicroelectronics.X-CUBE-BLE2.pdsc
2021-08-26 09:44:09,052 [INFO] ServerAccessManage:362 - Download File STMicroelectronics.X-CUBE-DISPLAY.pdsc
2021-08-26 09:44:09,216 [INFO] ServerAccessManage:362 - Download File STMicroelectronics.X-CUBE-EEPRMA1.pdsc
2021-08-26 09:44:09,755 [INFO] ServerAccessManage:362 - Download File STMicroelectronics.X-CUBE-GNSS1.pdsc
2021-08-26 09:44:10,634 [ERROR] ServerAccessManage:974 - Problem, file not found on Server
2021-08-26 09:44:10,841 [ERROR] ServerAccessManage:974 - Problem, file not found on Server
2021-08-26 09:44:10,966 [WARN] MainUpdater:1122 - Updater busy. Cannot search thirdparties
2021-08-26 09:44:10,966 [INFO] ThirdPartyUpdaterWithRetryManager:92 - Updater plugin is busy. [3/15]
2021-08-26 09:44:11,171 [ERROR] ServerAccessManage:974 - Problem, file not found on Server
2021-08-26 09:44:11,473 [ERROR] ServerAccessManage:974 - Problem, file not found on Server
2021-08-26 09:44:11,777 [ERROR] ServerAccessManage:974 - Problem, file not found on Server
2021-08-26 09:44:11,973 [ERROR] ServerAccessManage:974 - Problem, file not found on Server
2021-08-26 09:44:12,026 [INFO] ServerAccessManage:362 - Download File STMicroelectronics.X-CUBE-MEMS1.pdsc
2021-08-26 09:44:13,762 [INFO] ServerAccessManage:362 - Download File STMicroelectronics.X-CUBE-NFC4.pdsc
2021-08-26 09:44:13,980 [WARN] MainUpdater:1122 - Updater busy. Cannot search thirdparties
2021-08-26 09:44:13,980 [INFO] ThirdPartyUpdaterWithRetryManager:92 - Updater plugin is busy. [4/15]
2021-08-26 09:44:14,617 [INFO] ServerAccessManage:362 - Download File STMicroelectronics.X-CUBE-SFXS2LP1.pdsc
2021-08-26 09:44:14,849 [INFO] MainUpdater:2671 - connection check result : 10
2021-08-26 09:44:14,941 [INFO] ServerAccessManage:362 - Download File STMicroelectronics.X-CUBE-SUBG2.pdsc
2021-08-26 09:44:15,796 [INFO] ServerAccessManage:362 - Download File STMicroelectronics.X-CUBE-TOF1.pdsc
2021-08-26 09:44:16,245 [ERROR] ServerAccessManage:974 - Problem, file not found on Server
2021-08-26 09:44:16,370 [INFO] ServerAccessManage:362 - Download File STMicroelectronics.X-CUBE-TOUCHGFX.pdsc
2021-08-26 09:44:16,973 [INFO] ServerAccessManage:362 - Download File STMicroelectronics.X-CUBE-ALGOBUILD.pdsc
2021-08-26 09:44:16,984 [WARN] MainUpdater:1122 - Updater busy. Cannot search thirdparties
2021-08-26 09:44:16,984 [INFO] ThirdPartyUpdaterWithRetryManager:92 - Updater plugin is busy. [5/15]
2021-08-26 09:44:17,609 [INFO] ServerAccessManage:362 - Download File STMicroelectronics.X-CUBE-AZRTOS-H7.pdsc
2021-08-26 09:44:18,326 [INFO] ServerAccessManage:362 - Download File wolfSSL.I-CUBE-wolfSSL.pdsc
2021-08-26 09:44:19,826 [ERROR] ServerAccessManage:974 - Problem, file not found on Server
2021-08-26 09:44:19,992 [WARN] MainUpdater:1122 - Updater busy. Cannot search thirdparties
2021-08-26 09:44:19,992 [INFO] ThirdPartyUpdaterWithRetryManager:92 - Updater plugin is busy. [6/15]
2021-08-26 09:44:20,373 [ERROR] ServerAccessManage:974 - Problem, file not found on Server
2021-08-26 09:44:20,922 [ERROR] ServerAccessManage:974 - Problem, file not found on Server
2021-08-26 09:44:21,377 [INFO] ServerAccessManage:362 - Download File RoweBots.I-CUBE-UNISONRTOS.pdsc
2021-08-26 09:44:22,485 [ERROR] ServerAccessManage:974 - Problem, file not found on Server
2021-08-26 09:44:22,997 [WARN] MainUpdater:1122 - Updater busy. Cannot search thirdparties
2021-08-26 09:44:22,997 [INFO] ThirdPartyUpdaterWithRetryManager:92 - Updater plugin is busy. [7/15]
2021-08-26 09:44:23,282 [ERROR] ServerAccessManage:974 - Problem, file not found on Server
2021-08-26 09:44:24,023 [ERROR] ServerAccessManage:974 - Problem, file not found on Server
2021-08-26 09:44:24,753 [ERROR] ServerAccessManage:974 - Problem, file not found on Server
2021-08-26 09:44:25,370 [INFO] ServerAccessManage:362 - Download File SEGGER.I-CUBE-embOS.pdsc
2021-08-26 09:44:26,005 [WARN] MainUpdater:1122 - Updater busy. Cannot search thirdparties
2021-08-26 09:44:26,005 [INFO] ThirdPartyUpdaterWithRetryManager:92 - Updater plugin is busy. [8/15]
2021-08-26 09:44:26,449 [INFO] McuFinderGlobals:52 - Set McuFinderConnectedMode to false
2021-08-26 09:44:26,509 [WARN] PackLoader:238 - Cannot read IP mode file for STMicroelectronics.X-CUBE-AI.7.0.0
2021-08-26 09:44:26,525 [WARN] PackLoader:238 - Cannot read IP mode file for STMicroelectronics.X-CUBE-ALS.1.0.1
2021-08-26 09:44:26,536 [WARN] PackLoader:238 - Cannot read IP mode file for STMicroelectronics.X-CUBE-BLE1.6.2.1
2021-08-26 09:44:26,543 [WARN] PackLoader:238 - Cannot read IP mode file for STMicroelectronics.X-CUBE-BLE2.3.2.1
2021-08-26 09:44:26,553 [WARN] PackLoader:238 - Cannot read IP mode file for STMicroelectronics.X-CUBE-DISPLAY.1.0.0
2021-08-26 09:44:26,560 [WARN] PackLoader:238 - Cannot read IP mode file for STMicroelectronics.X-CUBE-EEPRMA1.3.1.0
2021-08-26 09:44:26,570 [WARN] PackLoader:238 - Cannot read IP mode file for STMicroelectronics.X-CUBE-GNSS1.5.2.0
2021-08-26 09:44:26,580 [INFO] CrossSelectorPresenter:1330 - Cross Selector saved comparison directory: C:\Users\diego\.stmcufinder\plugins\mcufinder\mcu\cs_comparisons_mx
2021-08-26 09:44:26,586 [INFO] MultiScanPanel:197 - Auto-refresh data requested => check proxy status ongoing
2021-08-26 09:44:26,586 [INFO] MultiScanPanel:201 - Proxy status is invalid
2021-08-26 09:44:26,589 [INFO] FinderPluginLoader:87 - Searching for filters in installed packs
2021-08-26 09:44:26,590 [INFO] DbMcusXml:100 - Load MCU database from D:\STM32CubeIDE_1.7.0\STM32CubeIDE\plugins\com.st.stm32cube.common.mx_6.3.0.202107141111\\db\/mcu/families.xml
2021-08-26 09:44:26,638 [INFO] CheckServerUpdateThread:112 - End of CheckServer Thread
2021-08-26 09:44:26,648 [WARN] PackLoader:238 - Cannot read IP mode file for STMicroelectronics.X-CUBE-MEMS1.9.0.0
2021-08-26 09:44:26,908 [WARN] PackLoader:238 - Cannot read IP mode file for STMicroelectronics.X-CUBE-NFC4.2.0.3
2021-08-26 09:44:26,925 [WARN] PackLoader:238 - Cannot read IP mode file for STMicroelectronics.X-CUBE-SFXS2LP1.3.1.0
2021-08-26 09:44:26,960 [WARN] PackLoader:238 - Cannot read IP mode file for STMicroelectronics.X-CUBE-SUBG2.4.2.0
2021-08-26 09:44:26,977 [WARN] PackLoader:238 - Cannot read IP mode file for STMicroelectronics.X-CUBE-TOF1.2.0.0
2021-08-26 09:44:26,988 [WARN] PackLoader:238 - Cannot read IP mode file for STMicroelectronics.X-CUBE-TOUCHGFX.4.17.0
2021-08-26 09:44:27,001 [WARN] PackLoader:238 - Cannot read IP mode file for STMicroelectronics.X-CUBE-ALGOBUILD.1.2.1
2021-08-26 09:44:27,047 [WARN] PackLoader:238 - Cannot read IP mode file for STMicroelectronics.X-CUBE-AZRTOS-H7.1.1.0
2021-08-26 09:44:27,058 [WARN] PackLoader:238 - Cannot read IP mode file for wolfSSL.I-CUBE-wolfSSL.4.8.0
2021-08-26 09:44:27,072 [WARN] PackLoader:238 - Cannot read IP mode file for RoweBots.I-CUBE-UNISONRTOS.5.5.0-4
2021-08-26 09:44:27,145 [WARN] PackLoader:238 - Cannot read IP mode file for SEGGER.I-CUBE-embOS.1.2.0
2021-08-26 09:44:27,215 [INFO] PopulateThirdPartyThread:60 - Ending populate Thread
2021-08-26 09:44:27,218 [INFO] ThirdParty:967 - CMSIS Pack Vendor :STMicroelectronics X-CUBE-AI 7.0.0
2021-08-26 09:44:27,218 [INFO] ThirdParty:967 - CMSIS Pack Vendor :STMicroelectronics X-CUBE-SFXS2LP1 3.1.0
2021-08-26 09:44:27,218 [INFO] ThirdParty:967 - CMSIS Pack Vendor :RoweBots I-CUBE-UNISONRTOS 5.5.0-4
2021-08-26 09:44:27,218 [INFO] ThirdParty:967 - CMSIS Pack Vendor :STMicroelectronics X-CUBE-ALGOBUILD 1.2.1
2021-08-26 09:44:27,218 [INFO] ThirdParty:967 - CMSIS Pack Vendor :STMicroelectronics X-CUBE-DISPLAY 1.0.0
2021-08-26 09:44:27,219 [INFO] ThirdParty:967 - CMSIS Pack Vendor :STMicroelectronics X-CUBE-EEPRMA1 3.1.0
2021-08-26 09:44:27,219 [INFO] ThirdParty:967 - CMSIS Pack Vendor :SEGGER I-CUBE-embOS 1.2.0
2021-08-26 09:44:27,219 [INFO] ThirdParty:967 - CMSIS Pack Vendor :STMicroelectronics X-CUBE-TOF1 2.0.0
2021-08-26 09:44:27,219 [INFO] ThirdParty:967 - CMSIS Pack Vendor :STMicroelectronics X-CUBE-GNSS1 5.2.0
2021-08-26 09:44:27,219 [INFO] ThirdParty:967 - CMSIS Pack Vendor :STMicroelectronics X-CUBE-BLE1 6.2.1
2021-08-26 09:44:27,219 [INFO] ThirdParty:967 - CMSIS Pack Vendor :STMicroelectronics X-CUBE-BLE2 3.2.1
2021-08-26 09:44:27,219 [INFO] ThirdParty:967 - CMSIS Pack Vendor :STMicroelectronics X-CUBE-MEMS1 9.0.0
2021-08-26 09:44:27,220 [INFO] ThirdParty:967 - CMSIS Pack Vendor :STMicroelectronics X-CUBE-NFC4 2.0.3
2021-08-26 09:44:27,220 [INFO] ThirdParty:967 - CMSIS Pack Vendor :STMicroelectronics X-CUBE-SUBG2 4.2.0
2021-08-26 09:44:27,220 [INFO] ThirdParty:967 - CMSIS Pack Vendor :STMicroelectronics X-CUBE-AZRTOS-H7 1.1.0
2021-08-26 09:44:27,220 [INFO] ThirdParty:967 - CMSIS Pack Vendor :wolfSSL I-CUBE-wolfSSL 4.8.0
2021-08-26 09:44:27,220 [INFO] ThirdParty:967 - CMSIS Pack Vendor :STMicroelectronics X-CUBE-TOUCHGFX 4.17.0
2021-08-26 09:44:27,220 [INFO] ThirdParty:967 - CMSIS Pack Vendor :STMicroelectronics X-CUBE-ALS 1.0.1
2021-08-26 09:44:27,221 [INFO] LoadServerUpdatesThread:339 - End of LoadServerUpdate Thread
2021-08-26 09:44:27,772 [INFO] DbMcusJson:93 - JSON generation date=Mon Jun 07 03:53:21 CDT 2021 (1623056001)
2021-08-26 09:44:28,698 [INFO] DbMcus:175 - Found 1951 MCUs (1903 are supported by CubeMX, 1903 are visible in CubeMX)
2021-08-26 09:44:28,699 [INFO] ApiDb:242 - User favorites file not found: C:\Users\diego/.stm32cubeide/favorites.mcus.txt
2021-08-26 09:44:28,699 [INFO] DbMcus:187 - Set 0 / 0 favorites MCUs
2021-08-26 09:44:29,151 [WARN] PackLoader:238 - Cannot read IP mode file for RoweBots.I-CUBE-UNISONRTOS.5.5.0-4
2021-08-26 09:44:29,201 [WARN] PackLoader:238 - Cannot read IP mode file for STMicroelectronics.X-CUBE-MEMS1.9.0.0
2021-08-26 09:44:29,331 [WARN] DetailPanel:314 - Failed to get advertising image, set to default
2021-08-26 09:44:29,405 [WARN] PackLoader:238 - Cannot read IP mode file for STMicroelectronics.X-CUBE-AZRTOS-H7.1.1.0
2021-08-26 09:44:29,488 [WARN] PackLoader:238 - Cannot read IP mode file for SEGGER.I-CUBE-embOS.1.2.0
2021-08-26 09:44:29,540 [WARN] PackLoader:238 - Cannot read IP mode file for STMicroelectronics.X-CUBE-BLE1.6.2.1
2021-08-26 09:44:29,546 [WARN] PackLoader:238 - Cannot read IP mode file for STMicroelectronics.X-CUBE-BLE2.3.2.1
2021-08-26 09:44:29,552 [WARN] PackLoader:238 - Cannot read IP mode file for STMicroelectronics.X-CUBE-NFC4.2.0.3
2021-08-26 09:44:29,558 [WARN] PackLoader:238 - Cannot read IP mode file for wolfSSL.I-CUBE-wolfSSL.4.8.0
2021-08-26 09:44:29,562 [WARN] PackLoader:238 - Cannot read IP mode file for STMicroelectronics.X-CUBE-TOUCHGFX.4.17.0
2021-08-26 09:44:29,572 [WARN] PackLoader:238 - Cannot read IP mode file for STMicroelectronics.X-CUBE-SFXS2LP1.3.1.0
2021-08-26 09:44:29,580 [WARN] PackLoader:238 - Cannot read IP mode file for STMicroelectronics.X-CUBE-TOF1.2.0.0
2021-08-26 09:44:29,593 [WARN] PackLoader:238 - Cannot read IP mode file for STMicroelectronics.X-CUBE-SUBG2.4.2.0
2021-08-26 09:44:29,603 [WARN] PackLoader:238 - Cannot read IP mode file for STMicroelectronics.X-CUBE-ALS.1.0.1
2021-08-26 09:44:29,608 [WARN] PackLoader:238 - Cannot read IP mode file for STMicroelectronics.X-CUBE-AI.7.0.0
2021-08-26 09:44:29,614 [WARN] PackLoader:238 - Cannot read IP mode file for STMicroelectronics.X-CUBE-ALGOBUILD.1.2.1
2021-08-26 09:44:29,619 [WARN] PackLoader:238 - Cannot read IP mode file for STMicroelectronics.X-CUBE-DISPLAY.1.0.0
2021-08-26 09:44:29,624 [WARN] PackLoader:238 - Cannot read IP mode file for STMicroelectronics.X-CUBE-EEPRMA1.3.1.0
2021-08-26 09:44:29,631 [WARN] PackLoader:238 - Cannot read IP mode file for STMicroelectronics.X-CUBE-GNSS1.5.2.0
2021-08-26 09:44:29,632 [INFO] ThirdParty:915 - Integrity check success = true
2021-08-26 09:44:29,632 [INFO] IntegrityCheckThread:94 - exiting critical section [integrity check]
2021-08-26 09:44:29,632 [INFO] IntegrityCheckThread:97 - End integrity checks thread
2021-08-26 09:44:29,844 [INFO] DbBoardsPdsc:90 - Found 25 items
2021-08-26 09:44:29,847 [INFO] DbBoardsPdsc:90 - Found 9 items
2021-08-26 09:44:29,851 [INFO] DbBoardsPdsc:90 - Found 33 items
2021-08-26 09:44:29,853 [INFO] DbBoardsPdsc:90 - Found 1 items
2021-08-26 09:44:29,861 [INFO] DbBoardsPdsc:90 - Found 48 items
2021-08-26 09:44:29,871 [INFO] DbBoardsPdsc:90 - Found 43 items
2021-08-26 09:44:29,873 [INFO] DbBoardsPdsc:90 - Found 2 items
2021-08-26 09:44:29,875 [INFO] DbBoardsPdsc:90 - Found 5 items
2021-08-26 09:44:29,880 [WARN] DbBoardsPdsc:254 - Board STM32H7B3I-DK: unknown feature type=Audio, name=, username=Audio stereo codec with Headphone Amp (CS42L51-CNZ), n=1
2021-08-26 09:44:29,881 [WARN] DbBoardsPdsc:254 - Board STM32H735G-DK: unknown feature type=Audio, name=, username=Audio stereo codec with Headphone Amp (WM8994ECS/R), n=1
2021-08-26 09:44:29,882 [WARN] DbBoardsPdsc:254 - Board STM32H7B3I-EVAL: unknown feature type=Audio, name=, username=Multi-Channel Audio Codec (CS42L51-CNZ), n=1
2021-08-26 09:44:29,883 [WARN] DbBoardsPdsc:254 - Board STM32H7B3I-EVAL: unknown feature type=Meter, name=, username=Power-metering and Temperature-monitoring with sigma-delta modulators, n=1
2021-08-26 09:44:29,883 [WARN] DbBoardsPdsc:254 - Board STM32H7B3I-EVAL: unknown feature type=Motor, name=, username=Motor Control, n=1
2021-08-26 09:44:29,883 [WARN] DbBoardsPdsc:254 - Board STM32U575I-EV: unknown feature type=joystick, name=, username=4-direction joystick with selection button, n=1
2021-08-26 09:44:29,926 [INFO] DbBoardsJson:86 - JSON generation date=Tue Jun 01 00:52:40 CDT 2021 (1622526760)
2021-08-26 09:44:29,936 [INFO] DbBoards:117 - Found 166 boards (163 are supported by CubeMX)
2021-08-26 09:44:29,957 [INFO] DbBoardsDocs:143 - JSON generation date=Tue Jun 01 00:52:40 CDT 2021 (1622526760)
2021-08-26 09:44:30,010 [INFO] DbBoardsDocs:79 - Found 193 boards documents
2021-08-26 09:44:30,010 [WARN] DbBoards:127 - board B-L462E-CELL1 has no document id list !
2021-08-26 09:44:30,010 [WARN] DbBoards:127 - board B-L475E-IOT01A2 has no document id list !
2021-08-26 09:44:30,011 [WARN] DbBoards:127 - board B-U585I-IOT02A has no document id list !
2021-08-26 09:44:30,012 [WARN] DbBoards:127 - board NUCLEO-G0B1RE has no document id list !
2021-08-26 09:44:30,012 [WARN] DbBoards:127 - board NUCLEO-H743ZI has no document id list !
2021-08-26 09:44:30,013 [WARN] DbBoards:127 - board NUCLEO-L4A6ZG has no document id list !
2021-08-26 09:44:30,013 [WARN] DbBoards:127 - board NUCLEO-U575ZI-Q has no document id list !
2021-08-26 09:44:30,013 [WARN] DbBoards:127 - board NUCLEO-WB15CC has no document id list !
2021-08-26 09:44:30,013 [WARN] DbBoards:127 - board NUCLEO-WB55RG has no document id list !
2021-08-26 09:44:30,013 [WARN] DbBoards:127 - board NUCLEO-WL55JC2 has no document id list !
2021-08-26 09:44:30,013 [WARN] DbBoards:127 - board P-NUCLEO-WB55-Nucleo has no document id list !
2021-08-26 09:44:30,013 [WARN] DbBoards:127 - board P-NUCLEO-WB55-USBDongle has no document id list !
2021-08-26 09:44:30,013 [WARN] DbBoards:127 - board STEVAL-BFA001V1B has no document id list !
2021-08-26 09:44:30,014 [WARN] DbBoards:127 - board STEVAL-BFA001V2B has no document id list !
2021-08-26 09:44:30,014 [WARN] DbBoards:127 - board STEVAL-IDP005V1 has no document id list !
2021-08-26 09:44:30,014 [WARN] DbBoards:127 - board STEVAL-IDP005V2 has no document id list !
2021-08-26 09:44:30,014 [WARN] DbBoards:127 - board STEVAL-MKSBOX1V1 has no document id list !
2021-08-26 09:44:30,014 [WARN] DbBoards:127 - board STEVAL-STWINKT1 has no document id list !
2021-08-26 09:44:30,014 [WARN] DbBoards:127 - board STEVAL-STWINKT1B has no document id list !
2021-08-26 09:44:30,015 [WARN] DbBoards:127 - board STM32F401C-DISCO has no document id list !
2021-08-26 09:44:30,015 [WARN] DbBoards:127 - board STM32F769I-DISC1 has no document id list !
2021-08-26 09:44:30,015 [WARN] DbBoards:127 - board STM32G0C1E-EV has no document id list !
2021-08-26 09:44:30,016 [WARN] DbBoards:127 - board STM32G474E-EVAL1 has no document id list !
2021-08-26 09:44:30,016 [WARN] DbBoards:127 - board STM32H743I-EVAL2 has no document id list !
2021-08-26 09:44:30,016 [WARN] DbBoards:127 - board STM32H747I-DISC1 has no document id list !
2021-08-26 09:44:30,016 [WARN] DbBoards:127 - board STM32H753I-EVAL2 has no document id list !
2021-08-26 09:44:30,016 [WARN] DbBoards:127 - board STM32L-DISCOVERY has no document id list !
2021-08-26 09:44:30,017 [WARN] DbBoards:127 - board STM32MP157A-DK1 has no document id list !
2021-08-26 09:44:30,017 [WARN] DbBoards:127 - board STM32MP157D-DK1 has no document id list !
2021-08-26 09:44:30,017 [WARN] DbBoards:127 - board STM32MP157D-EV1 has no document id list !
2021-08-26 09:44:30,017 [WARN] DbBoards:127 - board STM32MP157F-DK2 has no document id list !
2021-08-26 09:44:30,017 [WARN] DbBoards:127 - board STM32MP157F-EV1 has no document id list !
2021-08-26 09:44:30,018 [WARN] DbBoards:127 - board STM32U575I-EV has no document id list !
2021-08-26 09:44:30,018 [WARN] DbBoards:127 - board STM32WB5MM-DK has no document id list !
2021-08-26 09:44:32,442 [INFO] ApiDb:242 - User favorites file not found: C:\Users\diego/.stm32cubeide/favorites.boards.txt
2021-08-26 09:44:32,443 [INFO] DbBoards:206 - Set 0 / 0 favorites Boards
2021-08-26 09:45:33,953 [INFO] DbMcusDocs:143 - JSON generation date=Mon Jun 07 03:53:21 CDT 2021 (1623056001)
2021-08-26 09:45:34,349 [INFO] DbMcusDocs:79 - Found 669 MCUs documents
2021-08-26 09:47:52,840 [INFO] MainUpdater:2671 - connection check result : 10
2021-08-26 09:47:52,841 [INFO] MainUpdater:2671 - connection check result : 10
2021-08-26 09:47:52,888 [INFO] MicroXplorer:448 - Change Database Path : 
2021-08-26 09:47:52,888 [INFO] MicroXplorer:478 - Change Database Version : DB.6.0.30
2021-08-26 09:47:52,888 [WARN] ThirdParty:813 - waiting for thirdparty lock release [close project]
2021-08-26 09:47:52,888 [INFO] ThirdParty:815 - entering critical section [close project]
2021-08-26 09:47:52,890 [INFO] ThirdParty:825 - exiting critical section [close project]
2021-08-26 09:47:52,895 [INFO] PinOutPanel:1463 - setPackage(No Configuration,No Configuration)
2021-08-26 09:47:52,896 [INFO] UtilMem:74 - Begin LoadConfig() Used Memory: 245065216 Bytes (761266176)
2021-08-26 09:47:52,897 [INFO] MicroXplorer:448 - Change Database Path : 
2021-08-26 09:47:52,898 [INFO] MicroXplorer:478 - Change Database Version : DB.6.0.30
2021-08-26 09:47:52,898 [INFO] OpenFileManager:313 - Change cursor
2021-08-26 09:47:54,045 [INFO] Context:592 - Trying to add GPIOservice into a context  which must be forbidden
2021-08-26 09:47:54,307 [INFO] ImportTextPane:167 - (OptionalMessage_ERROR) Unable to find key (Mcu.ThirdPartyNb) in loaded IOC file
2021-08-26 09:47:54,308 [INFO] ImportTextPane:167 - (OptionalMessage_ERROR) Unable to find key (Mcu.PinsNb) in loaded IOC file
2021-08-26 09:47:54,308 [INFO] ImportTextPane:167 - (OptionalMessage_ERROR) Unable to find key (Mcu.IPNb) in loaded IOC file
2021-08-26 09:47:54,368 [WARN] ApiManager:304 - Cannot register API 'Board Extension:S2868A1' from pack STMicroelectronics.X-CUBE-SFXS2LP1.3.1.0: no header file found
2021-08-26 09:47:54,368 [WARN] ApiManager:304 - Cannot register API 'Board Extension:S2868A2' from pack STMicroelectronics.X-CUBE-SFXS2LP1.3.1.0: no header file found
2021-08-26 09:47:54,368 [WARN] ApiManager:304 - Cannot register API 'Board Extension:S2915A1' from pack STMicroelectronics.X-CUBE-SFXS2LP1.3.1.0: no header file found
2021-08-26 09:47:54,378 [WARN] ModelIntegratedComponent:60 - No mode defined for component null
2021-08-26 09:47:54,379 [WARN] ModelIntegratedComponent:60 - No mode defined for component null
2021-08-26 09:47:54,379 [WARN] ModelIntegratedComponent:60 - No mode defined for component null
2021-08-26 09:47:54,379 [WARN] ModelIntegratedComponent:60 - No mode defined for component null
2021-08-26 09:47:54,379 [WARN] ModelIntegratedComponent:60 - No mode defined for component null
2021-08-26 09:47:54,379 [WARN] ModelIntegratedComponent:60 - No mode defined for component null
2021-08-26 09:47:54,379 [WARN] ModelIntegratedComponent:60 - No mode defined for component null
2021-08-26 09:47:54,379 [WARN] ModelIntegratedComponent:60 - No mode defined for component null
2021-08-26 09:47:54,379 [WARN] ModelIntegratedComponent:60 - No mode defined for component null
2021-08-26 09:47:54,380 [WARN] ModelIntegratedComponent:60 - No mode defined for component null
2021-08-26 09:47:54,380 [WARN] ModelIntegratedComponent:60 - No mode defined for component null
2021-08-26 09:47:54,380 [WARN] ModelIntegratedComponent:60 - No mode defined for component null
2021-08-26 09:47:54,380 [WARN] ModelIntegratedComponent:60 - No mode defined for component null
2021-08-26 09:47:54,380 [WARN] ModelIntegratedComponent:60 - No mode defined for component null
2021-08-26 09:47:54,380 [WARN] ModelIntegratedComponent:60 - No mode defined for component null
2021-08-26 09:47:54,380 [WARN] ModelIntegratedComponent:60 - No mode defined for component null
2021-08-26 09:47:54,380 [WARN] ModelIntegratedComponent:60 - No mode defined for component null
2021-08-26 09:47:54,381 [WARN] ModelIntegratedComponent:60 - No mode defined for component null
2021-08-26 09:47:54,381 [WARN] ModelIntegratedComponent:60 - No mode defined for component null
2021-08-26 09:47:54,381 [WARN] ModelIntegratedComponent:60 - No mode defined for component null
2021-08-26 09:47:54,381 [WARN] ModelIntegratedComponent:60 - No mode defined for component null
2021-08-26 09:47:54,381 [WARN] ModelIntegratedComponent:60 - No mode defined for component null
2021-08-26 09:47:54,381 [WARN] ModelIntegratedComponent:60 - No mode defined for component null
2021-08-26 09:47:54,381 [WARN] ModelIntegratedComponent:60 - No mode defined for component null
2021-08-26 09:47:54,381 [WARN] ModelIntegratedComponent:60 - No mode defined for component null
2021-08-26 09:47:54,382 [WARN] ModelIntegratedComponent:60 - No mode defined for component null
2021-08-26 09:47:54,382 [WARN] ModelIntegratedComponent:60 - No mode defined for component null
2021-08-26 09:47:54,382 [WARN] ModelIntegratedComponent:60 - No mode defined for component null
2021-08-26 09:47:54,382 [WARN] ModelIntegratedComponent:60 - No mode defined for component null
2021-08-26 09:47:54,382 [WARN] ModelIntegratedComponent:60 - No mode defined for component null
2021-08-26 09:47:54,382 [WARN] ModelIntegratedComponent:60 - No mode defined for component null
2021-08-26 09:47:54,604 [WARN] ApiManager:304 - Cannot register API 'Board Extension:IKS01A3' from pack STMicroelectronics.X-CUBE-MEMS1.9.0.0: no header file found
2021-08-26 09:47:54,604 [WARN] ApiManager:304 - Cannot register API 'Board Extension:IKS01A2' from pack STMicroelectronics.X-CUBE-MEMS1.9.0.0: no header file found
2021-08-26 09:47:54,605 [WARN] ApiManager:304 - Cannot register API 'Board Extension:IKS02A1' from pack STMicroelectronics.X-CUBE-MEMS1.9.0.0: no header file found
2021-08-26 09:47:54,618 [WARN] ApiManager:304 - Cannot register API 'Board Extension:S2868A1' from pack STMicroelectronics.X-CUBE-SUBG2.4.2.0: no header file found
2021-08-26 09:47:54,618 [WARN] ApiManager:304 - Cannot register API 'Board Extension:S2868A2' from pack STMicroelectronics.X-CUBE-SUBG2.4.2.0: no header file found
2021-08-26 09:47:54,618 [WARN] ApiManager:304 - Cannot register API 'Board Extension:S2915A1' from pack STMicroelectronics.X-CUBE-SUBG2.4.2.0: no header file found
2021-08-26 09:47:54,624 [INFO] RtosManager:484 - Registered RTOS mode: class=CMSIS, group=RTOS, mode=CMSIS_V1, owner=FREERTOS
2021-08-26 09:47:54,624 [INFO] RtosManager:484 - Registered RTOS mode: class=CMSIS, group=RTOS2, mode=CMSIS_V2, owner=FREERTOS
2021-08-26 09:47:54,625 [INFO] RtosManager:484 - Registered RTOS mode: class=RTOS, group=Core, mode=CMSIS_V1, owner=FREERTOS
2021-08-26 09:47:54,625 [INFO] RtosManager:484 - Registered RTOS mode: class=RTOS, group=Core, mode=CMSIS_V2, owner=FREERTOS
2021-08-26 09:47:54,625 [WARN] ModelIntegratedComponent:181 - Missing modes for component STMicroelectronics:FreeRTOS:0.0.1:STMicroelectronics:RTOS:FreeRTOS:Core:::10.2.0:
2021-08-26 09:47:54,630 [WARN] ApiManager:304 - Cannot register API 'Board Extension:EEPRMA1' from pack STMicroelectronics.X-CUBE-EEPRMA1.3.1.0: no header file found
2021-08-26 09:47:54,630 [WARN] ApiManager:304 - Cannot register API 'Board Extension:EEPRMA2' from pack STMicroelectronics.X-CUBE-EEPRMA1.3.1.0: no header file found
2021-08-26 09:47:54,631 [WARN] ApiManager:304 - Cannot register API 'Board Extension:GNSS1A1' from pack STMicroelectronics.X-CUBE-GNSS1.5.2.0: no header file found
2021-08-26 09:47:54,631 [WARN] ApiManager:304 - Cannot register API 'Board Support:Custom' from pack STMicroelectronics.X-CUBE-GNSS1.5.2.0: no header file found
2021-08-26 09:47:54,631 [WARN] ApiManager:304 - Cannot register API 'Data Exchange:lib_gnss' from pack STMicroelectronics.X-CUBE-GNSS1.5.2.0: no header file found
2021-08-26 09:47:54,632 [WARN] ApiManager:304 - Cannot register API 'Wireless:BlueNRG-MS' from pack STMicroelectronics.X-CUBE-BLE1.6.2.1: no header file found
2021-08-26 09:47:54,633 [WARN] ApiManager:304 - Cannot register API 'Wireless:BlueNRG-2' from pack STMicroelectronics.X-CUBE-BLE2.3.2.1: no header file found
2021-08-26 09:47:54,634 [WARN] ApiManager:304 - Cannot register API 'Board Extension:NFC04A1' from pack STMicroelectronics.X-CUBE-NFC4.2.0.3: no header file found
2021-08-26 09:47:55,377 [INFO] UtilMem:74 - End LoadConfig() Used Memory: 488038944 Bytes (761266176)
2021-08-26 09:47:55,379 [WARN] ThirdParty:779 - waiting for thirdparty lock release [change project]
2021-08-26 09:47:55,379 [INFO] ThirdParty:781 - entering critical section [change project]
2021-08-26 09:47:55,379 [INFO] ThirdParty:967 - CMSIS Pack Vendor :STMicroelectronics X-CUBE-SFXS2LP1 3.1.0
2021-08-26 09:47:55,380 [INFO] ThirdParty:967 - CMSIS Pack Vendor :RoweBots I-CUBE-UNISONRTOS 5.5.0-4
2021-08-26 09:47:55,380 [INFO] ThirdParty:967 - CMSIS Pack Vendor :STMicroelectronics USB_HOST 2.0.0
2021-08-26 09:47:55,380 [INFO] ThirdParty:967 - CMSIS Pack Vendor :STMicroelectronics USB_DEVICE 3.0.0
2021-08-26 09:47:55,380 [INFO] ThirdParty:967 - CMSIS Pack Vendor :STMicroelectronics X-CUBE-TOF1 2.0.0
2021-08-26 09:47:55,380 [INFO] ThirdParty:967 - CMSIS Pack Vendor :STMicroelectronics HAL Drivers 0.0.0
2021-08-26 09:47:55,380 [INFO] ThirdParty:967 - CMSIS Pack Vendor :STMicroelectronics MBEDTLS 2.16.2
2021-08-26 09:47:55,380 [INFO] ThirdParty:967 - CMSIS Pack Vendor :STMicroelectronics MBEDTLS 2.14.1
2021-08-26 09:47:55,380 [INFO] ThirdParty:967 - CMSIS Pack Vendor :STMicroelectronics X-CUBE-MEMS1 9.0.0
2021-08-26 09:47:55,380 [INFO] ThirdParty:967 - CMSIS Pack Vendor :STMicroelectronics X-CUBE-AZRTOS-H7 1.1.0
2021-08-26 09:47:55,381 [INFO] ThirdParty:967 - CMSIS Pack Vendor :STMicroelectronics X-CUBE-SUBG2 4.2.0
2021-08-26 09:47:55,381 [INFO] ThirdParty:967 - CMSIS Pack Vendor :STMicroelectronics X-CUBE-ALS 1.0.1
2021-08-26 09:47:55,381 [INFO] ThirdParty:967 - CMSIS Pack Vendor :STMicroelectronics USB_DEVICE 2.0.0
2021-08-26 09:47:55,381 [INFO] ThirdParty:967 - CMSIS Pack Vendor :STMicroelectronics X-CUBE-AI 7.0.0
2021-08-26 09:47:55,381 [INFO] ThirdParty:967 - CMSIS Pack Vendor :STMicroelectronics X-CUBE-ALGOBUILD 1.2.1
2021-08-26 09:47:55,381 [INFO] ThirdParty:967 - CMSIS Pack Vendor :STMicroelectronics X-CUBE-DISPLAY 1.0.0
2021-08-26 09:47:55,381 [INFO] ThirdParty:967 - CMSIS Pack Vendor :STMicroelectronics FreeRTOS 0.0.1
2021-08-26 09:47:55,381 [INFO] ThirdParty:967 - CMSIS Pack Vendor :STMicroelectronics USB_DEVICE 1.0.0
2021-08-26 09:47:55,381 [INFO] ThirdParty:967 - CMSIS Pack Vendor :SEGGER I-CUBE-embOS 1.2.0
2021-08-26 09:47:55,381 [INFO] ThirdParty:967 - CMSIS Pack Vendor :STMicroelectronics X-CUBE-EEPRMA1 3.1.0
2021-08-26 09:47:55,381 [INFO] ThirdParty:967 - CMSIS Pack Vendor :STMicroelectronics X-CUBE-GNSS1 5.2.0
2021-08-26 09:47:55,382 [INFO] ThirdParty:967 - CMSIS Pack Vendor :STMicroelectronics ThreadX 0.0.2
2021-08-26 09:47:55,382 [INFO] ThirdParty:967 - CMSIS Pack Vendor :STMicroelectronics lwIP 2.0.3
2021-08-26 09:47:55,382 [INFO] ThirdParty:967 - CMSIS Pack Vendor :STMicroelectronics lwIP 2.1.2
2021-08-26 09:47:55,382 [INFO] ThirdParty:967 - CMSIS Pack Vendor :STMicroelectronics X-CUBE-BLE1 6.2.1
2021-08-26 09:47:55,382 [INFO] ThirdParty:967 - CMSIS Pack Vendor :STMicroelectronics X-CUBE-BLE2 3.2.1
2021-08-26 09:47:55,382 [INFO] ThirdParty:967 - CMSIS Pack Vendor :STMicroelectronics USB_HOST 1.0.0
2021-08-26 09:47:55,382 [INFO] ThirdParty:967 - CMSIS Pack Vendor :STMicroelectronics X-CUBE-NFC4 2.0.3
2021-08-26 09:47:55,382 [INFO] ThirdParty:967 - CMSIS Pack Vendor :wolfSSL I-CUBE-wolfSSL 4.8.0
2021-08-26 09:47:55,382 [INFO] ThirdParty:967 - CMSIS Pack Vendor :STMicroelectronics X-CUBE-TOUCHGFX 4.17.0
2021-08-26 09:47:55,382 [INFO] ThirdParty:967 - CMSIS Pack Vendor :STMicroelectronics PDM2PCM 3.1.0
2021-08-26 09:47:55,383 [INFO] ThirdParty:967 - CMSIS Pack Vendor :STMicroelectronics PDM2PCM 3.2.0
2021-08-26 09:47:55,383 [INFO] ThirdParty:967 - CMSIS Pack Vendor :STMicroelectronics PDM2PCM 3.3.0
2021-08-26 09:47:55,383 [INFO] ThirdParty:787 - exiting critical section [change project]
2021-08-26 09:47:55,710 [INFO] PinOutPanel:1463 - setPackage(No Configuration,No Configuration)
2021-08-26 09:47:55,711 [INFO] PinOutPanel:1463 - setPackage(STM32F103C8Tx,LQFP48)
2021-08-26 09:47:56,213 [INFO] UtilMem:74 - Before build in PCC Used Memory: 267771264 Bytes (761266176)
2021-08-26 09:47:56,902 [INFO] UtilMem:74 - After build in PCC Used Memory: 346936704 Bytes (761266176)
2021-08-26 09:47:56,931 [INFO] IPUIPlugin:74 - create IPUIPlugin
2021-08-26 09:47:56,931 [INFO] IPUIPlugin:74 - create IPUIPlugin
2021-08-26 09:47:56,931 [INFO] IPUIPlugin:74 - create IPUIPlugin
2021-08-26 09:47:56,931 [INFO] IPUIPlugin:74 - create IPUIPlugin
2021-08-26 09:47:56,932 [INFO] IPUIPlugin:74 - create IPUIPlugin
2021-08-26 09:47:56,932 [INFO] IPUIPlugin:74 - create IPUIPlugin
2021-08-26 09:47:56,932 [INFO] IPUIPlugin:74 - create IPUIPlugin
2021-08-26 09:47:56,932 [INFO] IPUIPlugin:74 - create IPUIPlugin
2021-08-26 09:47:56,932 [INFO] IPUIPlugin:74 - create IPUIPlugin
2021-08-26 09:47:56,933 [INFO] IPUIPlugin:74 - create IPUIPlugin
2021-08-26 09:47:56,933 [INFO] IPUIPlugin:74 - create IPUIPlugin
2021-08-26 09:47:56,933 [INFO] IPUIPlugin:74 - create IPUIPlugin
2021-08-26 09:47:56,934 [INFO] IPUIPlugin:74 - create IPUIPlugin
2021-08-26 09:47:56,935 [INFO] IPUIPlugin:74 - create IPUIPlugin
2021-08-26 09:47:56,935 [INFO] IPUIPlugin:74 - create IPUIPlugin
2021-08-26 09:47:56,936 [INFO] IPUIPlugin:74 - create IPUIPlugin
2021-08-26 09:47:56,936 [INFO] IPUIPlugin:74 - create IPUIPlugin
2021-08-26 09:47:56,937 [INFO] IPUIPlugin:74 - create IPUIPlugin
2021-08-26 09:47:56,937 [INFO] IPUIPlugin:74 - create IPUIPlugin
2021-08-26 09:47:56,937 [INFO] IPUIPlugin:74 - create IPUIPlugin
2021-08-26 09:47:56,938 [INFO] IPUIPlugin:74 - create IPUIPlugin
2021-08-26 09:47:56,938 [INFO] IPUIPlugin:74 - create IPUIPlugin
2021-08-26 09:47:56,939 [INFO] IPUIPlugin:74 - create IPUIPlugin
2021-08-26 09:47:56,940 [INFO] IPUIPlugin:74 - create IPUIPlugin
2021-08-26 09:47:56,940 [INFO] IPUIPlugin:74 - create IPUIPlugin
2021-08-26 09:47:56,941 [INFO] IPUIPlugin:74 - create IPUIPlugin
2021-08-26 09:47:56,942 [INFO] IPUIPlugin:74 - create IPUIPlugin
2021-08-26 09:47:57,070 [INFO] OpenFileManager:333 - Restore cursor
2021-08-26 09:47:57,395 [INFO] UtilMem:74 - End SaveConfig() Used Memory: 416142720 Bytes (761266176)
2021-08-26 09:47:57,926 [INFO] ServerAccessManage:362 - Download File stm32cube_fw_f1_v180.zip
2021-08-26 09:49:16,049 [ERROR] FileExtend:450 - File entry not found
2021-08-26 09:49:16,050 [INFO] FileExtend:235 - Unzip File : stm32cube_fw_f1_v180.zip
2021-08-26 09:49:16,050 [INFO] FileExtend:250 - Standard Zip Deflate
2021-08-26 09:49:35,768 [INFO] ServerAccessManage:362 - Download File stm32cube_fw_f1_v184.zip
2021-08-26 09:50:13,923 [INFO] FileExtend:235 - Unzip File : stm32cube_fw_f1_v184.zip
2021-08-26 09:50:13,923 [INFO] FileExtend:250 - Standard Zip Deflate
2021-08-26 09:50:20,405 [INFO] LoadServerPackagesThread:180 - End of LoadServerPackages Thread
2021-08-26 09:50:20,555 [INFO] UtilMem:74 - End SaveConfig() Used Memory: 487005792 Bytes (945815552)
2021-08-26 09:50:20,800 [INFO] CheckServerUpdateThread:112 - End of CheckServer Thread
2021-08-26 09:50:21,000 [INFO] BlockDiagram:2740 - set Specific Code input for plugin: NVIC
2021-08-26 09:50:21,001 [INFO] BlockDiagram:2740 - set Specific Code input for plugin: SYS
2021-08-26 09:50:21,001 [INFO] BlockDiagram:2740 - set Specific Code input for plugin: RCC
2021-08-26 09:50:21,003 [INFO] CodeGenerator:663 - code generatio: config db path: D:\STM32CubeIDE_1.7.0\STM32CubeIDE\plugins\com.st.stm32cube.common.mx_6.3.0.202107141111\\db\
2021-08-26 09:50:21,508 [INFO] CodeEngine:239 - oldGeneratedFile, C:\Users\diego\Downloads\STM\1.Demo1\MXTmpFiles\license.tmp_save
2021-08-26 09:50:21,901 [INFO] CodeEngine:257 - Generated code: C:\Users\diego\Downloads\STM\1.Demo1\MXTmpFiles\license.tmp
2021-08-26 09:50:22,008 [INFO] CodeEngine:239 - oldGeneratedFile, C:\Users\diego\Downloads\STM\1.Demo1\Core\Src\stm32f1xx_it.c_save
2021-08-26 09:50:22,157 [INFO] CodeEngine:257 - Generated code: C:\Users\diego\Downloads\STM\1.Demo1\Core\Src\stm32f1xx_it.c
2021-08-26 09:50:22,162 [INFO] CodeEngine:239 - oldGeneratedFile, C:\Users\diego\Downloads\STM\1.Demo1\Core\Inc\stm32f1xx_it.h_save
2021-08-26 09:50:22,245 [INFO] CodeEngine:257 - Generated code: C:\Users\diego\Downloads\STM\1.Demo1\Core\Inc\stm32f1xx_it.h
2021-08-26 09:50:22,258 [INFO] CodeEngine:239 - oldGeneratedFile, C:\Users\diego\Downloads\STM\1.Demo1\Core\Src\stm32f1xx_hal_msp.c_save
2021-08-26 09:50:22,396 [INFO] CodeEngine:257 - Generated code: C:\Users\diego\Downloads\STM\1.Demo1\Core\Src\stm32f1xx_hal_msp.c
2021-08-26 09:50:22,400 [INFO] CodeEngine:239 - oldGeneratedFile, C:\Users\diego\Downloads\STM\1.Demo1\MXTmpFiles\system.tmp_save
2021-08-26 09:50:22,497 [INFO] CodeEngine:257 - Generated code: C:\Users\diego\Downloads\STM\1.Demo1\MXTmpFiles\system.tmp
2021-08-26 09:50:22,508 [INFO] CodeEngine:239 - oldGeneratedFile, C:\Users\diego\Downloads\STM\1.Demo1\Core\Inc\stm32f1xx_hal_conf.h_save
2021-08-26 09:50:22,613 [INFO] CodeEngine:257 - Generated code: C:\Users\diego\Downloads\STM\1.Demo1\Core\Inc\stm32f1xx_hal_conf.h
2021-08-26 09:50:22,666 [INFO] CodeEngine:239 - oldGeneratedFile, C:\Users\diego\Downloads\STM\1.Demo1\Core\Inc\main.h_save
2021-08-26 09:50:22,761 [INFO] CodeEngine:257 - Generated code: C:\Users\diego\Downloads\STM\1.Demo1\Core\Inc\main.h
2021-08-26 09:50:22,766 [INFO] CodeEngine:239 - oldGeneratedFile, C:\Users\diego\Downloads\STM\1.Demo1\Core\Src\main.c_save
2021-08-26 09:50:22,891 [INFO] CodeEngine:257 - Generated code: C:\Users\diego\Downloads\STM\1.Demo1\Core\Src\main.c
2021-08-26 09:50:24,036 [INFO] ProjectBuilder:2578 - Time for Copy HAL[1] : 118mS.
2021-08-26 09:50:24,045 [INFO] ProjectBuilder:3622 - Project Generator version: 3.14.1
2021-08-26 09:50:24,568 [INFO] ConfigFileManager:1271 - The Die is : DIE410
2021-08-26 09:50:24,585 [INFO] ApiDbMcu:468 - Load IP Config File for FATFS
2021-08-26 09:50:24,626 [INFO] ApiDbMcu:468 - Load IP Config File for FREERTOS
2021-08-26 09:50:24,660 [INFO] ApiDbMcu:468 - Load IP Config File for USB_DEVICE
2021-08-26 09:50:30,462 [INFO] ProjectBuilder:3789 - Time for Generating toolchain IDE Files: 6418mS.
2021-08-26 09:50:30,464 [INFO] ProjectBuilder:2457 - Time for Copy CMSIS : 1mS.
2021-08-26 09:50:30,469 [INFO] ProjectBuilder:2457 - Time for Copy CMSIS : 0mS.
2021-08-26 09:50:30,925 [INFO] McuFinderGlobals:52 - Set McuFinderConnectedMode to true
2021-08-26 09:50:30,930 [INFO] ApiDb:276 - Save user favorites file C:\Users\diego/.stm32cubeide/favorites.mcus.txt: 0 item(s)
2021-08-26 09:50:30,930 [INFO] ApiDb:280 - User favorites MCUs=[]
2021-08-26 09:54:31,014 [INFO] UtilMem:74 - End SaveConfig() Used Memory: 372561256 Bytes (937426944)
2021-08-26 09:59:21,264 [INFO] UtilMem:74 - End SaveConfig() Used Memory: 404963192 Bytes (1073741824)
2021-08-26 09:59:43,567 [INFO] UtilMem:74 - End SaveConfig() Used Memory: 286543512 Bytes (1073741824)
2021-08-26 09:59:43,993 [INFO] BlockDiagram:2740 - set Specific Code input for plugin: NVIC
2021-08-26 09:59:43,993 [INFO] BlockDiagram:2740 - set Specific Code input for plugin: SYS
2021-08-26 09:59:43,994 [INFO] BlockDiagram:2740 - set Specific Code input for plugin: GPIO
2021-08-26 09:59:43,994 [INFO] BlockDiagram:2740 - set Specific Code input for plugin: RCC
2021-08-26 09:59:43,995 [INFO] CodeGenerator:663 - code generatio: config db path: D:\STM32CubeIDE_1.7.0\STM32CubeIDE\plugins\com.st.stm32cube.common.mx_6.3.0.202107141111\\db\
2021-08-26 09:59:44,322 [INFO] CodeEngine:239 - oldGeneratedFile, C:\Users\diego\Downloads\STM\1.Demo1\MXTmpFiles\license.tmp_save
2021-08-26 09:59:44,395 [INFO] CodeEngine:257 - Generated code: C:\Users\diego\Downloads\STM\1.Demo1\MXTmpFiles\license.tmp
2021-08-26 09:59:44,440 [INFO] CodeEngine:239 - oldGeneratedFile, C:\Users\diego\Downloads\STM\1.Demo1\MXTmpFiles\gpio.tmp_save
2021-08-26 09:59:44,528 [INFO] CodeEngine:257 - Generated code: C:\Users\diego\Downloads\STM\1.Demo1\MXTmpFiles\gpio.tmp
2021-08-26 09:59:44,556 [INFO] CodeEngine:239 - oldGeneratedFile, C:\Users\diego\Downloads\STM\1.Demo1\Core\Src\stm32f1xx_it.c_save
2021-08-26 09:59:44,691 [INFO] CodeEngine:257 - Generated code: C:\Users\diego\Downloads\STM\1.Demo1\Core\Src\stm32f1xx_it.c
2021-08-26 09:59:44,698 [INFO] CodeEngine:239 - oldGeneratedFile, C:\Users\diego\Downloads\STM\1.Demo1\Core\Inc\stm32f1xx_it.h_save
2021-08-26 09:59:44,827 [INFO] CodeEngine:257 - Generated code: C:\Users\diego\Downloads\STM\1.Demo1\Core\Inc\stm32f1xx_it.h
2021-08-26 09:59:44,843 [INFO] CodeEngine:239 - oldGeneratedFile, C:\Users\diego\Downloads\STM\1.Demo1\Core\Src\stm32f1xx_hal_msp.c_save
2021-08-26 09:59:45,006 [INFO] CodeEngine:257 - Generated code: C:\Users\diego\Downloads\STM\1.Demo1\Core\Src\stm32f1xx_hal_msp.c
2021-08-26 09:59:45,011 [INFO] CodeEngine:239 - oldGeneratedFile, C:\Users\diego\Downloads\STM\1.Demo1\MXTmpFiles\system.tmp_save
2021-08-26 09:59:45,079 [INFO] CodeEngine:257 - Generated code: C:\Users\diego\Downloads\STM\1.Demo1\MXTmpFiles\system.tmp
2021-08-26 09:59:45,092 [INFO] CodeEngine:239 - oldGeneratedFile, C:\Users\diego\Downloads\STM\1.Demo1\Core\Inc\stm32f1xx_hal_conf.h_save
2021-08-26 09:59:45,182 [INFO] CodeEngine:257 - Generated code: C:\Users\diego\Downloads\STM\1.Demo1\Core\Inc\stm32f1xx_hal_conf.h
2021-08-26 09:59:45,232 [INFO] CodeEngine:239 - oldGeneratedFile, C:\Users\diego\Downloads\STM\1.Demo1\Core\Inc\main.h_save
2021-08-26 09:59:45,317 [INFO] CodeEngine:257 - Generated code: C:\Users\diego\Downloads\STM\1.Demo1\Core\Inc\main.h
2021-08-26 09:59:45,325 [INFO] CodeEngine:239 - oldGeneratedFile, C:\Users\diego\Downloads\STM\1.Demo1\Core\Src\main.c_save
2021-08-26 09:59:45,479 [INFO] CodeEngine:257 - Generated code: C:\Users\diego\Downloads\STM\1.Demo1\Core\Src\main.c
2021-08-26 09:59:46,661 [INFO] ProjectBuilder:2578 - Time for Copy HAL[1] : 141mS.
2021-08-26 09:59:46,668 [INFO] ProjectBuilder:3622 - Project Generator version: 3.14.1
2021-08-26 09:59:47,155 [INFO] ConfigFileManager:1271 - The Die is : DIE410
2021-08-26 09:59:49,213 [INFO] ProjectBuilder:3789 - Time for Generating toolchain IDE Files: 2545mS.
2021-08-26 09:59:49,214 [INFO] ProjectBuilder:2457 - Time for Copy CMSIS : 0mS.
2021-08-26 09:59:49,218 [INFO] ProjectBuilder:2457 - Time for Copy CMSIS : 0mS.
